<?xml version="1.0" encoding="UTF-8"?>
<!-- Generated by org.testng.reporters.JUnitXMLReporter -->
<testsuite hostname="LGDN14847-W7D" name="article" tests="17" failures="0" timestamp="18 Apr 2017 06:53:52 GMT" time="4.106" errors="0">
  <testcase name="@BeforeClass SETUP" time="0.0" classname="article.JoomlaArticle_001">
    <failure type="java.lang.NullPointerException">
      <![CDATA[java.lang.NullPointerException
	at common.BrowserManagement.openBrowser(BrowserManagement.java:93)
	at article.JoomlaArticle_001.SETUP(JoomlaArticle_001.java:23)
... Removed 24 stack frames]]>
    </failure>
  </testcase> <!-- @BeforeClass SETUP -->
  <testcase name="@AfterClass CLEAN" time="0.0" classname="article.JoomlaArticle_001">
    <skipped/>
  </testcase> <!-- @AfterClass CLEAN -->
  <testcase name="@BeforeClass SETUP" time="0.0" classname="article.JoomlaArticle_002">
    <failure type="java.lang.NullPointerException">
      <![CDATA[java.lang.NullPointerException
	at common.BrowserManagement.openBrowser(BrowserManagement.java:93)
	at article.JoomlaArticle_002.SETUP(JoomlaArticle_002.java:23)
... Removed 24 stack frames]]>
    </failure>
  </testcase> <!-- @BeforeClass SETUP -->
  <testcase name="@AfterClass CLEAN" time="0.0" classname="article.JoomlaArticle_002">
    <skipped/>
  </testcase> <!-- @AfterClass CLEAN -->
  <testcase name="@BeforeClass SETUP" time="0.0" classname="article.JoomlaArticle_003">
    <failure type="java.lang.NullPointerException">
      <![CDATA[java.lang.NullPointerException
	at common.BrowserManagement.openBrowser(BrowserManagement.java:93)
	at article.JoomlaArticle_003.SETUP(JoomlaArticle_003.java:23)
... Removed 24 stack frames]]>
    </failure>
  </testcase> <!-- @BeforeClass SETUP -->
  <testcase name="@AfterClass CLEAN" time="0.0" classname="article.JoomlaArticle_003">
    <skipped/>
  </testcase> <!-- @AfterClass CLEAN -->
  <testcase name="@BeforeClass SETUP" time="0.0" classname="article.JoomlaArticle_004">
    <failure type="java.lang.NullPointerException">
      <![CDATA[java.lang.NullPointerException
	at common.BrowserManagement.openBrowser(BrowserManagement.java:93)
	at article.JoomlaArticle_004.SETUP(JoomlaArticle_004.java:22)
... Removed 24 stack frames]]>
    </failure>
  </testcase> <!-- @BeforeClass SETUP -->
  <testcase name="@AfterClass CLEAN" time="0.0" classname="article.JoomlaArticle_004">
    <skipped/>
  </testcase> <!-- @AfterClass CLEAN -->
  <testcase name="RUN_01_TC_JOOMLA_ARTICLE_001" time="0.001" classname="article.JoomlaArticle_001">
    <skipped/>
  </testcase> <!-- RUN_01_TC_JOOMLA_ARTICLE_001 -->
  <testcase name="RUN_02_TC_JOOMLA_ARTICLE_002" time="0.001" classname="article.JoomlaArticle_001">
    <skipped/>
  </testcase> <!-- RUN_02_TC_JOOMLA_ARTICLE_002 -->
  <testcase name="RUN_03_TC_JOOMLA_ARTICLE_010" time="0.001" classname="article.JoomlaArticle_001">
    <skipped/>
  </testcase> <!-- RUN_03_TC_JOOMLA_ARTICLE_010 -->
  <testcase name="RUN_04_TC_JOOMLA_ARTICLE_005" time="0.001" classname="article.JoomlaArticle_001">
    <skipped/>
  </testcase> <!-- RUN_04_TC_JOOMLA_ARTICLE_005 -->
  <testcase name="RUN_01_TC_JOOMLA_ARTICLE_013" time="0.0" classname="article.JoomlaArticle_002">
    <skipped/>
  </testcase> <!-- RUN_01_TC_JOOMLA_ARTICLE_013 -->
  <testcase name="RUN_02_TC_JOOMLA_ARTICLE_004" time="0.0" classname="article.JoomlaArticle_002">
    <skipped/>
  </testcase> <!-- RUN_02_TC_JOOMLA_ARTICLE_004 -->
  <testcase name="RUN_03_TC_JOOMLA_ARTICLE_003" time="0.0" classname="article.JoomlaArticle_002">
    <skipped/>
  </testcase> <!-- RUN_03_TC_JOOMLA_ARTICLE_003 -->
  <testcase name="RUN_04_TC_JOOMLA_ARTICLE_006" time="0.0" classname="article.JoomlaArticle_002">
    <skipped/>
  </testcase> <!-- RUN_04_TC_JOOMLA_ARTICLE_006 -->
  <testcase name="RUN_05_TC_JOOMLA_ARTICLE_009" time="0.0" classname="article.JoomlaArticle_002">
    <skipped/>
  </testcase> <!-- RUN_05_TC_JOOMLA_ARTICLE_009 -->
  <testcase name="RUN_01_TC_JOOMLA_ARTICLE_008" time="0.002" classname="article.JoomlaArticle_003">
    <skipped/>
  </testcase> <!-- RUN_01_TC_JOOMLA_ARTICLE_008 -->
  <testcase name="RUN_02_TC_JOOMLA_ARTICLE_017" time="0.0" classname="article.JoomlaArticle_003">
    <skipped/>
  </testcase> <!-- RUN_02_TC_JOOMLA_ARTICLE_017 -->
  <testcase name="RUN_03_TC_JOOMLA_ARTICLE_011" time="0.0" classname="article.JoomlaArticle_003">
    <skipped/>
  </testcase> <!-- RUN_03_TC_JOOMLA_ARTICLE_011 -->
  <testcase name="RUN_04_TC_JOOMLA_ARTICLE_012" time="0.0" classname="article.JoomlaArticle_003">
    <skipped/>
  </testcase> <!-- RUN_04_TC_JOOMLA_ARTICLE_012 -->
  <testcase name="RUN_01_TC_JOOMLA_ARTICLE_015" time="0.0" classname="article.JoomlaArticle_004">
    <skipped/>
  </testcase> <!-- RUN_01_TC_JOOMLA_ARTICLE_015 -->
  <testcase name="RUN_02_TC_JOOMLA_ARTICLE_016" time="0.0" classname="article.JoomlaArticle_004">
    <skipped/>
  </testcase> <!-- RUN_02_TC_JOOMLA_ARTICLE_016 -->
  <testcase name="RUN_03_TC_JOOMLA_ARTICLE_014" time="0.0" classname="article.JoomlaArticle_004">
    <skipped/>
  </testcase> <!-- RUN_03_TC_JOOMLA_ARTICLE_014 -->
  <testcase name="RUN_04_TC_JOOMLA_ARTICLE_007" time="0.0" classname="article.JoomlaArticle_004">
    <skipped/>
  </testcase> <!-- RUN_04_TC_JOOMLA_ARTICLE_007 -->
</testsuite> <!-- article -->
