<?xml version="1.0" encoding="UTF-8"?>
<!-- Generated by org.testng.reporters.JUnitXMLReporter -->
<testsuite hostname="LGDN14552-W7D01" name="category" tests="17" failures="0" timestamp="20 Dec 2016 03:51:28 GMT" time="440.76" errors="0">
  <testcase name="RUN_01_TC_JOOMLA_CATEGORY_007" time="5.035" classname="category.JoomlaCategory_001"/>
  <testcase name="RUN_02_TC_JOOMLA_CATEGORY_001" time="14.382" classname="category.JoomlaCategory_001"/>
  <testcase name="RUN_03_TC_JOOMLA_CATEGORY_005" time="10.439" classname="category.JoomlaCategory_001"/>
  <testcase name="RUN_04_TC_JOOMLA_CATEGORY_006" time="29.345" classname="category.JoomlaCategory_001"/>
  <testcase name="RUN_01_TC_JOOMLA_CATEGORY_003" time="21.224" classname="category.JoomlaCategory_002"/>
  <testcase name="RUN_02_TC_JOOMLA_CATEGORY_004" time="3.453" classname="category.JoomlaCategory_002"/>
  <testcase name="RUN_03_TC_JOOMLA_CATEGORY_008" time="2.001" classname="category.JoomlaCategory_002"/>
  <testcase name="RUN_04_TC_JOOMLA_CATEGORY_009" time="37.751" classname="category.JoomlaCategory_002"/>
  <testcase name="RUN_01_TC_JOOMLA_CATEGORY_011" time="12.17" classname="category.JoomlaCategory_003"/>
  <testcase name="RUN_02_TC_JOOMLA_CATEGORY_010" time="9.671" classname="category.JoomlaCategory_003"/>
  <testcase name="RUN_03_TC_JOOMLA_CATEGORY_016" time="13.442" classname="category.JoomlaCategory_003"/>
  <testcase name="RUN_04_TC_JOOMLA_CATEGORY_015" time="68.154" classname="category.JoomlaCategory_003"/>
  <testcase name="RUN_05_TC_JOOMLA_CATEGORY_014" time="58.576" classname="category.JoomlaCategory_003"/>
  <testcase name="RUN_01_TC_JOOMLA_CATEGORY_012" time="19.405" classname="category.JoomlaCategory_004"/>
  <testcase name="RUN_02_TC_JOOMLA_CATEGORY_002" time="13.912" classname="category.JoomlaCategory_004"/>
  <testcase name="RUN_03_TC_JOOMLA_CATEGORY_013" time="15.443" classname="category.JoomlaCategory_004"/>
  <testcase name="RUN_04_TC_JOOMLA_CATEGORY_017" time="55.209" classname="category.JoomlaCategory_004"/>
</testsuite> <!-- category -->
