<?xml version="1.0" encoding="UTF-8"?>
<!-- Generated by org.testng.reporters.JUnitXMLReporter -->
<testsuite hostname="LGDN14552-W7D01" name="ChromeTestDuyen" tests="17" failures="0" timestamp="16 Dec 2016 05:10:45 GMT" time="461.454" errors="0">
  <testcase name="RUN_01_TC_JOOMLA_WEBLINKS_001" time="20.903" classname="weblink.JoomlaWeblink_001"/>
  <testcase name="RUN_02_TC_JOOMLA_WEBLINKS_002" time="22.027" classname="weblink.JoomlaWeblink_001"/>
  <testcase name="RUN_03_TC_JOOMLA_WEBLINKS_005" time="16.297" classname="weblink.JoomlaWeblink_001"/>
  <testcase name="RUN_04_TC_JOOMLA_WEBLINKS_016" time="34.399" classname="weblink.JoomlaWeblink_001"/>
  <testcase name="RUN_06_TC_JOOMLA_WEBLINKS_015" time="59.541" classname="weblink.JoomlaWeblink_001"/>
  <testcase name="RUN_01_TC_JOOMLA_WEBLINKS_003" time="31.913" classname="weblink.JoomlaWeblink_002"/>
  <testcase name="RUN_02_TC_JOOMLA_WEBLINKS_004" time="8.465" classname="weblink.JoomlaWeblink_002"/>
  <testcase name="RUN_03_TC_JOOMLA_WEBLINKS_008" time="2.471" classname="weblink.JoomlaWeblink_002"/>
  <testcase name="RUN_04_TC_JOOMLA_WEBLINKS_009" time="3.193" classname="weblink.JoomlaWeblink_002"/>
  <testcase name="RUN_05_TC_JOOMLA_WEBLINKS_010" time="8.54" classname="weblink.JoomlaWeblink_002"/>
  <testcase name="RUN_06_TC_JOOMLA_WEBLINKS_007" time="23.154" classname="weblink.JoomlaWeblink_002"/>
  <testcase name="RUN_07_TC_JOOMLA_WEBLINKS_014" time="48.6" classname="weblink.JoomlaWeblink_002"/>
  <testcase name="RUN_01_TC_JOOMLA_WEBLINKS_006" time="43.275" classname="weblink.JoomlaWeblink_003"/>
  <testcase name="RUN_02_TC_JOOMLA_WEBLINKS_011" time="5.094" classname="weblink.JoomlaWeblink_003"/>
  <testcase name="RUN_03_TC_JOOMLA_WEBLINKS_012" time="13.613" classname="weblink.JoomlaWeblink_003"/>
  <testcase name="RUN_04_TC_JOOMLA_WEBLINKS_013" time="38.393" classname="weblink.JoomlaWeblink_003"/>
  <testcase name="RUN_05_TC_JOOMLA_WEBLINKS_017" time="48.068" classname="weblink.JoomlaWeblink_003"/>
</testsuite> <!-- ChromeTestDuyen -->
