<?xml version="1.0" encoding="UTF-8"?>
<!-- Generated by org.testng.reporters.JUnitXMLReporter -->
<testsuite hostname="LGDN14847-W7D" name="contact" tests="16" failures="0" timestamp="25 Jul 2017 05:16:32 GMT" time="188.649" errors="0">
  <testcase name="@BeforeClass setup" time="0.0" classname="contact.JoomlaContact_001">
    <failure type="java.lang.NullPointerException">
      <![CDATA[java.lang.NullPointerException
	at common.BrowserManagement.openBrowser(BrowserManagement.java:93)
	at contact.JoomlaContact_001.setup(JoomlaContact_001.java:26)
... Removed 24 stack frames]]>
    </failure>
  </testcase> <!-- @BeforeClass setup -->
  <testcase name="@AfterClass clean" time="0.0" classname="contact.JoomlaContact_001">
    <skipped/>
  </testcase> <!-- @AfterClass clean -->
  <testcase name="@BeforeClass setup" time="0.0" classname="contact.JoomlaContact_002">
    <failure type="java.lang.NullPointerException">
      <![CDATA[java.lang.NullPointerException
	at common.BrowserManagement.openBrowser(BrowserManagement.java:93)
	at contact.JoomlaContact_002.setup(JoomlaContact_002.java:28)
... Removed 24 stack frames]]>
    </failure>
  </testcase> <!-- @BeforeClass setup -->
  <testcase name="@AfterClass clean" time="0.0" classname="contact.JoomlaContact_002">
    <skipped/>
  </testcase> <!-- @AfterClass clean -->
  <testcase name="@BeforeClass setup" time="0.0" classname="contact.JoomlaContact_003">
    <failure type="java.lang.NullPointerException">
      <![CDATA[java.lang.NullPointerException
	at common.BrowserManagement.openBrowser(BrowserManagement.java:93)
	at contact.JoomlaContact_003.setup(JoomlaContact_003.java:28)
... Removed 24 stack frames]]>
    </failure>
  </testcase> <!-- @BeforeClass setup -->
  <testcase name="@AfterClass clean" time="0.0" classname="contact.JoomlaContact_003">
    <skipped/>
  </testcase> <!-- @AfterClass clean -->
  <testcase name="@BeforeClass setup" time="0.0" classname="contact.JoomlaContact_004">
    <failure type="java.lang.NullPointerException">
      <![CDATA[java.lang.NullPointerException
	at common.BrowserManagement.openBrowser(BrowserManagement.java:93)
	at contact.JoomlaContact_004.setup(JoomlaContact_004.java:28)
... Removed 24 stack frames]]>
    </failure>
  </testcase> <!-- @BeforeClass setup -->
  <testcase name="@AfterClass clean" time="0.0" classname="contact.JoomlaContact_004">
    <skipped/>
  </testcase> <!-- @AfterClass clean -->
  <testcase name="RUN_01_TC_JOOMLA_CONTACTS_001" time="0.001" classname="contact.JoomlaContact_001">
    <skipped/>
  </testcase> <!-- RUN_01_TC_JOOMLA_CONTACTS_001 -->
  <testcase name="RUN_02_TC_JOOMLA_contactS_002" time="0.002" classname="contact.JoomlaContact_001">
    <skipped/>
  </testcase> <!-- RUN_02_TC_JOOMLA_contactS_002 -->
  <testcase name="RUN_03_TC_JOOMLA_contactS_005" time="0.002" classname="contact.JoomlaContact_001">
    <skipped/>
  </testcase> <!-- RUN_03_TC_JOOMLA_contactS_005 -->
  <testcase name="RUN_04_TC_JOOMLA_CONTACTS_007" time="0.001" classname="contact.JoomlaContact_001">
    <skipped/>
  </testcase> <!-- RUN_04_TC_JOOMLA_CONTACTS_007 -->
  <testcase name="RUN_01_TC_JOOMLA_CONTACTS_008" time="0.002" classname="contact.JoomlaContact_002">
    <skipped/>
  </testcase> <!-- RUN_01_TC_JOOMLA_CONTACTS_008 -->
  <testcase name="RUN_02_TC_JOOMLA_CONTACTS_013" time="0.002" classname="contact.JoomlaContact_002">
    <skipped/>
  </testcase> <!-- RUN_02_TC_JOOMLA_CONTACTS_013 -->
  <testcase name="RUN_03_TC_JOOMLA_CONTACTS_006" time="0.001" classname="contact.JoomlaContact_002">
    <skipped/>
  </testcase> <!-- RUN_03_TC_JOOMLA_CONTACTS_006 -->
  <testcase name="RUN_04_TC_JOOMLA_CONTACTS_014" time="0.012" classname="contact.JoomlaContact_002">
    <skipped/>
  </testcase> <!-- RUN_04_TC_JOOMLA_CONTACTS_014 -->
  <testcase name="RUN_05_TC_JOOMLA_CONTACTS_009" time="0.001" classname="contact.JoomlaContact_002">
    <skipped/>
  </testcase> <!-- RUN_05_TC_JOOMLA_CONTACTS_009 -->
  <testcase name="RUN_06_TC_JOOMLA_CONTACTS_010" time="0.001" classname="contact.JoomlaContact_002">
    <skipped/>
  </testcase> <!-- RUN_06_TC_JOOMLA_CONTACTS_010 -->
  <testcase name="RUN_07_TC_JOOMLA_CONTACTS_012" time="0.002" classname="contact.JoomlaContact_002">
    <skipped/>
  </testcase> <!-- RUN_07_TC_JOOMLA_CONTACTS_012 -->
  <testcase name="RUN_01_TC_JOOMLA_CONTACTS_004" time="0.01" classname="contact.JoomlaContact_003">
    <skipped/>
  </testcase> <!-- RUN_01_TC_JOOMLA_CONTACTS_004 -->
  <testcase name="RUN_02_TC_JOOMLA_CONTACTS_003" time="0.002" classname="contact.JoomlaContact_003">
    <skipped/>
  </testcase> <!-- RUN_02_TC_JOOMLA_CONTACTS_003 -->
  <testcase name="RUN_03_TC_JOOMLA_CONTACTS_011" time="0.001" classname="contact.JoomlaContact_003">
    <skipped/>
  </testcase> <!-- RUN_03_TC_JOOMLA_CONTACTS_011 -->
  <testcase name="RUN_02_TC_JOOMLA_CONTACTS_016" time="0.001" classname="contact.JoomlaContact_004">
    <skipped/>
  </testcase> <!-- RUN_02_TC_JOOMLA_CONTACTS_016 -->
  <testcase name="RUN_03_TC_JOOMLA_CONTACTS_015" time="0.0" classname="contact.JoomlaContact_004">
    <skipped/>
  </testcase> <!-- RUN_03_TC_JOOMLA_CONTACTS_015 -->
</testsuite> <!-- contact -->
