<?xml version="1.0" encoding="UTF-8"?>
<!-- Generated by org.testng.reporters.JUnitXMLReporter -->
<testsuite hostname="LGDN14552-W7D01" name="IE" tests="5" failures="0" timestamp="22 Dec 2016 04:17:38 GMT" time="121.667" errors="0">
  <testcase name="RUN_01_TC_JOOMLA_CATEGORY_011" time="12.837" classname="category.JoomlaCategory_003"/>
  <testcase name="RUN_02_TC_JOOMLA_CATEGORY_010" time="12.8" classname="category.JoomlaCategory_003"/>
  <testcase name="RUN_03_TC_JOOMLA_CATEGORY_016" time="8.753" classname="category.JoomlaCategory_003"/>
  <testcase name="RUN_04_TC_JOOMLA_CATEGORY_015" time="36.735" classname="category.JoomlaCategory_003"/>
  <testcase name="RUN_05_TC_JOOMLA_CATEGORY_014" time="34.819" classname="category.JoomlaCategory_003"/>
</testsuite> <!-- IE -->
