<?xml version="1.0" encoding="UTF-8"?>
<!-- Generated by org.testng.reporters.JUnitXMLReporter -->
<testsuite hostname="LGDN14623-W7D01" ignored="0" name="nodeChromeHanh7" tests="2" failures="0" timestamp="2019-12-20T09:42:04 ICT" time="20.131" errors="0">
  <testcase name="@BeforeClass SETUP" time="20.11" classname="DoExam.goToDoTest7">
    <failure type="java.lang.NullPointerException">
      <![CDATA[java.lang.NullPointerException
at common.BrowserManagement.openBrowser(BrowserManagement.java:93)
at DoExam.goToDoTest7.SETUP(goToDoTest7.java:31)
at java.util.ArrayList.forEach(Unknown Source)
at java.util.concurrent.FutureTask.run(Unknown Source)
at java.util.concurrent.ThreadPoolExecutor.runWorker(Unknown Source)
at java.util.concurrent.ThreadPoolExecutor$Worker.run(Unknown Source)
at java.lang.Thread.run(Unknown Source)
... Removed 16 stack frames]]>
    </failure>
  </testcase> <!-- @BeforeClass SETUP -->
  <testcase name="@AfterClass CLEAN" time="-1.576809724918E9" classname="DoExam.goToDoTest7">
    <skipped/>
  </testcase> <!-- @AfterClass CLEAN -->
  <testcase name="testEnterPin" time="187.389" classname="DoExam.goToDoTest1"/>
  <testcase name="testEnterPin" time="0.0" classname="DoExam.goToDoTest7">
    <skipped/>
  </testcase> <!-- testEnterPin -->
</testsuite> <!-- nodeChromeHanh7 -->
