<?xml version="1.0" encoding="UTF-8"?>
<!-- Generated by org.testng.reporters.JUnitXMLReporter -->
<testsuite hostname="LGDN14623-W7D01" ignored="0" name="nodeChromeLoc4" tests="24" failures="0" timestamp="2019-12-30T12:00:52 ICT" time="44.98" errors="0">
  <testcase name="SETUP" time="22.975" classname="DoExam.goToDoTest"/>
  <testcase name="SETUP" time="28.85" classname="DoExam.goToDoTest"/>
  <testcase name="SETUP" time="29.997" classname="DoExam.goToDoTest"/>
  <testcase name="SETUP" time="32.125" classname="DoExam.goToDoTest"/>
  <testcase name="SETUP" time="32.81" classname="DoExam.goToDoTest"/>
  <testcase name="SETUP" time="32.698" classname="DoExam.goToDoTest"/>
  <testcase name="SETUP" time="33.726" classname="DoExam.goToDoTest"/>
  <testcase name="SETUP" time="34.025" classname="DoExam.goToDoTest"/>
  <testcase name="SETUP" time="33.166" classname="DoExam.goToDoTest"/>
  <testcase name="SETUP" time="34.29" classname="DoExam.goToDoTest"/>
  <testcase name="SETUP" time="35.274" classname="DoExam.goToDoTest"/>
  <testcase name="SETUP" time="40.586" classname="DoExam.goToDoTest"/>
  <testcase name="SETUP" time="40.724" classname="DoExam.goToDoTest"/>
  <testcase name="SETUP" time="41.549" classname="DoExam.goToDoTest"/>
  <testcase name="SETUP" time="40.462" classname="DoExam.goToDoTest"/>
  <testcase name="SETUP" time="41.709" classname="DoExam.goToDoTest"/>
  <testcase name="SETUP" time="43.085" classname="DoExam.goToDoTest"/>
  <testcase name="SETUP" time="43.305" classname="DoExam.goToDoTest"/>
  <testcase name="SETUP" time="42.399" classname="DoExam.goToDoTest"/>
  <testcase name="SETUP" time="43.382" classname="DoExam.goToDoTest"/>
  <testcase name="SETUP" time="42.87" classname="DoExam.goToDoTest"/>
  <testcase name="SETUP" time="43.82" classname="DoExam.goToDoTest"/>
  <testcase name="SETUP" time="44.183" classname="DoExam.goToDoTest"/>
  <testcase name="SETUP" time="43.527" classname="DoExam.goToDoTest"/>
</testsuite> <!-- nodeChromeLoc4 -->
