<?xml version="1.0" encoding="UTF-8"?>
<!-- Generated by org.testng.reporters.JUnitXMLReporter -->
<testsuite hostname="LGDN14623-W7D01" ignored="0" name="nodeChromeLoc2" tests="1" failures="0" timestamp="2019-12-30T13:45:17 ICT" time="23.387" errors="0">
  <testcase name="@BeforeClass SETUP" time="3.157" classname="DoExam.goToDoTest">
    <failure type="java.lang.NullPointerException">
      <![CDATA[java.lang.NullPointerException
at common.BrowserManagement.openBrowser(BrowserManagement.java:93)
at DoExam.goToDoTest.SETUP(goToDoTest.java:34)
at java.util.ArrayList.forEach(Unknown Source)
at java.util.concurrent.FutureTask.run(Unknown Source)
at java.util.concurrent.ThreadPoolExecutor.runWorker(Unknown Source)
at java.util.concurrent.ThreadPoolExecutor$Worker.run(Unknown Source)
at java.lang.Thread.run(Unknown Source)
... Removed 16 stack frames]]>
    </failure>
  </testcase> <!-- @BeforeClass SETUP -->
  <testcase name="@AfterClass CLEAN" time="-1.577688298136E9" classname="DoExam.goToDoTest">
    <skipped/>
  </testcase> <!-- @AfterClass CLEAN -->
  <testcase name="@BeforeClass SETUP" time="22.904" classname="DoExam.goToDoTest">
    <failure type="java.lang.NullPointerException">
      <![CDATA[java.lang.NullPointerException
at common.BrowserManagement.openBrowser(BrowserManagement.java:93)
at DoExam.goToDoTest.SETUP(goToDoTest.java:34)
at java.util.ArrayList.forEach(Unknown Source)
at java.util.concurrent.FutureTask.run(Unknown Source)
at java.util.concurrent.ThreadPoolExecutor.runWorker(Unknown Source)
at java.util.concurrent.ThreadPoolExecutor$Worker.run(Unknown Source)
at java.lang.Thread.run(Unknown Source)
... Removed 16 stack frames]]>
    </failure>
  </testcase> <!-- @BeforeClass SETUP -->
  <testcase name="@AfterClass CLEAN" time="-1.577688317745E9" classname="DoExam.goToDoTest">
    <skipped/>
  </testcase> <!-- @AfterClass CLEAN -->
  <testcase name="doAnExam" time="0.0" classname="DoExam.goToDoTest">
    <skipped/>
  </testcase> <!-- doAnExam -->
</testsuite> <!-- nodeChromeLoc2 -->
